[debug] [2022-10-31T02:38:49.529Z] ----------------------------------------------------------------------
[debug] [2022-10-31T02:38:49.531Z] Command:       C:\Program Files\nodejs\node.exe C:\Users\bethj\AppData\Roaming\npm\node_modules\firebase-tools\lib\bin\firebase.js init
[debug] [2022-10-31T02:38:49.532Z] CLI Version:   11.15.0
[debug] [2022-10-31T02:38:49.532Z] Platform:      win32
[debug] [2022-10-31T02:38:49.532Z] Node Version:  v16.15.0
[debug] [2022-10-31T02:38:49.533Z] Time:          Sun Oct 30 2022 22:38:49 GMT-0400 (Eastern Daylight Saving Time)
[debug] [2022-10-31T02:38:49.534Z] ----------------------------------------------------------------------
[debug] 
[debug] [2022-10-31T02:38:49.626Z] > command requires scopes: ["email","openid","https://www.googleapis.com/auth/cloudplatformprojects.readonly","https://www.googleapis.com/auth/firebase","https://www.googleapis.com/auth/cloud-platform"]
[debug] [2022-10-31T02:38:49.626Z] > authorizing via signed-in user (bethjarrettbeth@gmail.com)
[info] 
     ######## #### ########  ######## ########     ###     ######  ########
     ##        ##  ##     ## ##       ##     ##  ##   ##  ##       ##
     ######    ##  ########  ######   ########  #########  ######  ######
     ##        ##  ##    ##  ##       ##     ## ##     ##       ## ##
     ##       #### ##     ## ######## ########  ##     ##  ######  ########

You're about to initialize a Firebase project in this directory:

  C:\Users\bethj\Desktop\mern_capstone\client

Before we get started, keep in mind:

  * You are initializing within an existing Firebase project directory

[info] 
=== Project Setup
[info] 
[info] First, let's associate this project directory with a Firebase project.
[info] You can create multiple project aliases by running firebase use --add, 
[info] but for now we'll just set up a default project.
[info] 
[debug] [2022-10-31T02:39:02.614Z] Using project from CLI flag: scrapebook
[debug] [2022-10-31T02:39:02.619Z] >>> [apiv2][query] GET https://firebase.googleapis.com/v1beta1/projects/scrapebook [none]
[debug] [2022-10-31T02:39:03.100Z] <<< [apiv2][status] GET https://firebase.googleapis.com/v1beta1/projects/scrapebook 200
[debug] [2022-10-31T02:39:03.101Z] <<< [apiv2][body] GET https://firebase.googleapis.com/v1beta1/projects/scrapebook {"projectId":"scrapebook","projectNumber":"534198259172","displayName":"scrapebook","name":"projects/scrapebook","resources":{"hostingSite":"scrapebook"},"state":"DELETED","etag":"1_6d3a113c-8729-4067-8750-a355f6337191"}
[info] i  Using project scrapebook (scrapebook) 
[info] 
=== Hosting Setup
[info] 
[info] Your public directory is the folder (relative to your project directory) that
[info] will contain Hosting assets to be uploaded with firebase deploy. If you
[info] have a build process for your assets, use your build's output directory.
[info] 
[debug] [2022-10-31T02:39:26.941Z] ----------------------------------------------------------------------
[debug] [2022-10-31T02:39:26.943Z] Command:       C:\Program Files\nodejs\node.exe C:\Users\bethj\AppData\Roaming\npm\node_modules\firebase-tools\lib\bin\firebase.js use --add
[debug] [2022-10-31T02:39:26.943Z] CLI Version:   11.15.0
[debug] [2022-10-31T02:39:26.943Z] Platform:      win32
[debug] [2022-10-31T02:39:26.944Z] Node Version:  v16.15.0
[debug] [2022-10-31T02:39:26.945Z] Time:          Sun Oct 30 2022 22:39:26 GMT-0400 (Eastern Daylight Saving Time)
[debug] [2022-10-31T02:39:26.945Z] ----------------------------------------------------------------------
[debug] 
[debug] [2022-10-31T02:39:27.042Z] > command requires scopes: ["email","openid","https://www.googleapis.com/auth/cloudplatformprojects.readonly","https://www.googleapis.com/auth/firebase","https://www.googleapis.com/auth/cloud-platform"]
[debug] [2022-10-31T02:39:27.043Z] > authorizing via signed-in user (bethjarrettbeth@gmail.com)
[debug] [2022-10-31T02:39:27.047Z] >>> [apiv2][query] GET https://firebase.googleapis.com/v1beta1/projects pageSize=1000
[debug] [2022-10-31T02:39:27.573Z] <<< [apiv2][status] GET https://firebase.googleapis.com/v1beta1/projects 200
[debug] [2022-10-31T02:39:27.574Z] <<< [apiv2][body] GET https://firebase.googleapis.com/v1beta1/projects [omitted]
